<?xml version="1.0" encoding="UTF-8"?>
<testsuite name="com.jojoldu.book.springboot.web.IndexControllerTest" tests="1" skipped="0" failures="0" errors="0" timestamp="2023-11-11T15:24:50" hostname="MacBook-Air-2.local" time="0.115">
  <properties/>
  <testcase name="메인페이지_로딩" classname="com.jojoldu.book.springboot.web.IndexControllerTest" time="0.115"/>
  <system-out><![CDATA[
  .   ____          _            __ _ _
 /\\ / ___'_ __ _ _(_)_ __  __ _ \ \ \ \
( ( )\___ | '_ | '_| | '_ \/ _` | \ \ \ \
 \\/  ___)| |_)| | | | | || (_| |  ) ) ) )
  '  |____| .__|_| |_|_| |_\__, | / / / /
 =========|_|==============|___/=/_/_/_/
 :: Spring Boot ::               (v2.7.17)

2023-11-12 00:24:50.064  INFO 12957 --- [    Test worker] c.j.b.s.web.IndexControllerTest          : Starting IndexControllerTest using Java 11.0.18 on MacBook-Air-2.local with PID 12957 (started by sangyeon in /Users/sangyeon/sudy/freelec-springboot2-webservice)
2023-11-12 00:24:50.065  INFO 12957 --- [    Test worker] c.j.b.s.web.IndexControllerTest          : The following 1 profile is active: "oauth"
2023-11-12 00:24:50.169  INFO 12957 --- [    Test worker] .s.d.r.c.RepositoryConfigurationDelegate : Bootstrapping Spring Data JPA repositories in DEFAULT mode.
2023-11-12 00:24:50.176  INFO 12957 --- [    Test worker] .s.d.r.c.RepositoryConfigurationDelegate : Finished Spring Data repository scanning in 7 ms. Found 2 JPA repository interfaces.
2023-11-12 00:24:50.371  INFO 12957 --- [    Test worker] o.s.b.w.embedded.tomcat.TomcatWebServer  : Tomcat initialized with port(s): 0 (http)
2023-11-12 00:24:50.378  INFO 12957 --- [    Test worker] o.apache.catalina.core.StandardService   : Starting service [Tomcat]
2023-11-12 00:24:50.378  INFO 12957 --- [    Test worker] org.apache.catalina.core.StandardEngine  : Starting Servlet engine: [Apache Tomcat/9.0.82]
2023-11-12 00:24:50.464  INFO 12957 --- [    Test worker] o.a.c.c.C.[Tomcat].[localhost].[/]       : Initializing Spring embedded WebApplicationContext
2023-11-12 00:24:50.465  INFO 12957 --- [    Test worker] w.s.c.ServletWebServerApplicationContext : Root WebApplicationContext: initialization completed in 399 ms
2023-11-12 00:24:50.477  INFO 12957 --- [    Test worker] com.zaxxer.hikari.HikariDataSource       : HikariPool-2 - Starting...
2023-11-12 00:24:50.478  INFO 12957 --- [    Test worker] com.zaxxer.hikari.HikariDataSource       : HikariPool-2 - Start completed.
2023-11-12 00:24:50.478  INFO 12957 --- [    Test worker] o.s.b.a.h2.H2ConsoleAutoConfiguration    : H2 console available at '/h2-console'. Database available at 'jdbc:h2:mem:test'
2023-11-12 00:24:50.569  INFO 12957 --- [    Test worker] o.hibernate.jpa.internal.util.LogHelper  : HHH000204: Processing PersistenceUnitInfo [name: default]
2023-11-12 00:24:50.573  INFO 12957 --- [    Test worker] org.hibernate.dialect.Dialect            : HHH000400: Using dialect: org.hibernate.dialect.H2Dialect
2023-11-12 00:24:50.602  INFO 12957 --- [    Test worker] o.h.e.t.j.p.i.JtaPlatformInitiator       : HHH000490: Using JtaPlatform implementation: [org.hibernate.engine.transaction.jta.platform.internal.NoJtaPlatform]
2023-11-12 00:24:50.603  INFO 12957 --- [    Test worker] j.LocalContainerEntityManagerFactoryBean : Initialized JPA EntityManagerFactory for persistence unit 'default'
2023-11-12 00:24:50.668  WARN 12957 --- [    Test worker] JpaBaseConfiguration$JpaWebConfiguration : spring.jpa.open-in-view is enabled by default. Therefore, database queries may be performed during view rendering. Explicitly configure spring.jpa.open-in-view to disable this warning
2023-11-12 00:24:50.750  INFO 12957 --- [    Test worker] o.s.s.web.DefaultSecurityFilterChain     : Will secure any request with [org.springframework.security.web.session.DisableEncodeUrlFilter@5c4f07c1, org.springframework.security.web.context.request.async.WebAsyncManagerIntegrationFilter@15a8b228, org.springframework.security.web.context.SecurityContextPersistenceFilter@544ee437, org.springframework.security.web.header.HeaderWriterFilter@36e23af, org.springframework.security.web.authentication.logout.LogoutFilter@323dd422, org.springframework.security.oauth2.client.web.OAuth2AuthorizationRequestRedirectFilter@5233b7ad, org.springframework.security.oauth2.client.web.OAuth2LoginAuthenticationFilter@354d5692, org.springframework.security.web.authentication.ui.DefaultLoginPageGeneratingFilter@775c865f, org.springframework.security.web.authentication.ui.DefaultLogoutPageGeneratingFilter@5a69f1ef, org.springframework.security.web.savedrequest.RequestCacheAwareFilter@ffd26d1, org.springframework.security.web.servletapi.SecurityContextHolderAwareRequestFilter@7dfc0fda, org.springframework.security.web.authentication.AnonymousAuthenticationFilter@54fd5f6, org.springframework.security.web.session.SessionManagementFilter@5e4a9c16, org.springframework.security.web.access.ExceptionTranslationFilter@92a584f, org.springframework.security.web.access.intercept.FilterSecurityInterceptor@21ad0060]
2023-11-12 00:24:50.829  INFO 12957 --- [    Test worker] o.s.b.a.w.s.WelcomePageHandlerMapping    : Adding welcome page template: index
2023-11-12 00:24:50.965  INFO 12957 --- [    Test worker] o.s.b.w.embedded.tomcat.TomcatWebServer  : Tomcat started on port(s): 61884 (http) with context path ''
2023-11-12 00:24:50.968  INFO 12957 --- [    Test worker] s.a.ScheduledAnnotationBeanPostProcessor : No TaskScheduler/ScheduledExecutorService bean found for scheduled processing
2023-11-12 00:24:50.969  INFO 12957 --- [    Test worker] c.j.b.s.web.IndexControllerTest          : Started IndexControllerTest in 0.927 seconds (JVM running for 5.923)
2023-11-12 00:24:51.028  INFO 12957 --- [o-auto-1-exec-1] o.a.c.c.C.[Tomcat].[localhost].[/]       : Initializing Spring DispatcherServlet 'dispatcherServlet'
2023-11-12 00:24:51.028  INFO 12957 --- [o-auto-1-exec-1] o.s.web.servlet.DispatcherServlet        : Initializing Servlet 'dispatcherServlet'
2023-11-12 00:24:51.030  INFO 12957 --- [o-auto-1-exec-1] o.s.web.servlet.DispatcherServlet        : Completed initialization in 2 ms
2023-11-12 00:24:51.057 DEBUG 12957 --- [o-auto-1-exec-1] org.hibernate.SQL                        : 
    select
        posts0_.id as id1_0_,
        posts0_.created_date as created_2_0_,
        posts0_.modified_date as modified3_0_,
        posts0_.author as author4_0_,
        posts0_.content as content5_0_,
        posts0_.title as title6_0_ 
    from
        posts posts0_ 
    order by
        posts0_.id DESC
Hibernate: 
    select
        posts0_.id as id1_0_,
        posts0_.created_date as created_2_0_,
        posts0_.modified_date as modified3_0_,
        posts0_.author as author4_0_,
        posts0_.content as content5_0_,
        posts0_.title as title6_0_ 
    from
        posts posts0_ 
    order by
        posts0_.id DESC
]]></system-out>
  <system-err><![CDATA[]]></system-err>
</testsuite>
