<?xml version="1.0" encoding="UTF-8"?>
<testsuite name="com.jojoldu.book.springboot.web.PostsApiControllerTest" tests="2" skipped="0" failures="0" errors="0" timestamp="2023-11-06T08:23:41" hostname="MacBook-Air-2.local" time="0.158">
  <properties/>
  <testcase name="Posts_등록된다" classname="com.jojoldu.book.springboot.web.PostsApiControllerTest" time="0.138"/>
  <testcase name="Posts_수정된다" classname="com.jojoldu.book.springboot.web.PostsApiControllerTest" time="0.02"/>
  <system-out><![CDATA[
  .   ____          _            __ _ _
 /\\ / ___'_ __ _ _(_)_ __  __ _ \ \ \ \
( ( )\___ | '_ | '_| | '_ \/ _` | \ \ \ \
 \\/  ___)| |_)| | | | | || (_| |  ) ) ) )
  '  |____| .__|_| |_|_| |_\__, | / / / /
 =========|_|==============|___/=/_/_/_/
 :: Spring Boot ::               (v2.7.17)

2023-11-06 17:23:40.847  INFO 39368 --- [    Test worker] c.j.b.s.web.PostsApiControllerTest       : Starting PostsApiControllerTest using Java 11.0.18 on MacBook-Air-2.local with PID 39368 (started by sangyeon in /Users/sangyeon/sudy/freelec-springboot2-webservice)
2023-11-06 17:23:40.848  INFO 39368 --- [    Test worker] c.j.b.s.web.PostsApiControllerTest       : The following 1 profile is active: "oauth"
2023-11-06 17:23:40.952  INFO 39368 --- [    Test worker] .s.d.r.c.RepositoryConfigurationDelegate : Bootstrapping Spring Data JPA repositories in DEFAULT mode.
2023-11-06 17:23:40.959  INFO 39368 --- [    Test worker] .s.d.r.c.RepositoryConfigurationDelegate : Finished Spring Data repository scanning in 6 ms. Found 2 JPA repository interfaces.
2023-11-06 17:23:41.142  INFO 39368 --- [    Test worker] o.s.b.w.embedded.tomcat.TomcatWebServer  : Tomcat initialized with port(s): 0 (http)
2023-11-06 17:23:41.149  INFO 39368 --- [    Test worker] o.apache.catalina.core.StandardService   : Starting service [Tomcat]
2023-11-06 17:23:41.150  INFO 39368 --- [    Test worker] org.apache.catalina.core.StandardEngine  : Starting Servlet engine: [Apache Tomcat/9.0.82]
2023-11-06 17:23:41.228  INFO 39368 --- [    Test worker] o.a.c.c.C.[Tomcat].[localhost].[/]       : Initializing Spring embedded WebApplicationContext
2023-11-06 17:23:41.228  INFO 39368 --- [    Test worker] w.s.c.ServletWebServerApplicationContext : Root WebApplicationContext: initialization completed in 379 ms
2023-11-06 17:23:41.241  INFO 39368 --- [    Test worker] com.zaxxer.hikari.HikariDataSource       : HikariPool-2 - Starting...
2023-11-06 17:23:41.242  INFO 39368 --- [    Test worker] com.zaxxer.hikari.HikariDataSource       : HikariPool-2 - Start completed.
2023-11-06 17:23:41.242  INFO 39368 --- [    Test worker] o.s.b.a.h2.H2ConsoleAutoConfiguration    : H2 console available at '/h2-console'. Database available at 'jdbc:h2:mem:test'
2023-11-06 17:23:41.343  INFO 39368 --- [    Test worker] o.hibernate.jpa.internal.util.LogHelper  : HHH000204: Processing PersistenceUnitInfo [name: default]
2023-11-06 17:23:41.347  INFO 39368 --- [    Test worker] org.hibernate.dialect.Dialect            : HHH000400: Using dialect: org.hibernate.dialect.H2Dialect
2023-11-06 17:23:41.376  INFO 39368 --- [    Test worker] o.h.e.t.j.p.i.JtaPlatformInitiator       : HHH000490: Using JtaPlatform implementation: [org.hibernate.engine.transaction.jta.platform.internal.NoJtaPlatform]
2023-11-06 17:23:41.376  INFO 39368 --- [    Test worker] j.LocalContainerEntityManagerFactoryBean : Initialized JPA EntityManagerFactory for persistence unit 'default'
2023-11-06 17:23:41.434  WARN 39368 --- [    Test worker] JpaBaseConfiguration$JpaWebConfiguration : spring.jpa.open-in-view is enabled by default. Therefore, database queries may be performed during view rendering. Explicitly configure spring.jpa.open-in-view to disable this warning
2023-11-06 17:23:41.514  INFO 39368 --- [    Test worker] o.s.s.web.DefaultSecurityFilterChain     : Will secure any request with [org.springframework.security.web.session.DisableEncodeUrlFilter@b7526a9, org.springframework.security.web.context.request.async.WebAsyncManagerIntegrationFilter@18f37d6e, org.springframework.security.web.context.SecurityContextPersistenceFilter@67aedd28, org.springframework.security.web.header.HeaderWriterFilter@1c023dcb, org.springframework.security.web.authentication.logout.LogoutFilter@6e057374, org.springframework.security.oauth2.client.web.OAuth2AuthorizationRequestRedirectFilter@4c1d2a13, org.springframework.security.oauth2.client.web.OAuth2LoginAuthenticationFilter@2a68932b, org.springframework.security.web.authentication.ui.DefaultLoginPageGeneratingFilter@12c1826, org.springframework.security.web.authentication.ui.DefaultLogoutPageGeneratingFilter@3d1b91d1, org.springframework.security.web.savedrequest.RequestCacheAwareFilter@6c524a7f, org.springframework.security.web.servletapi.SecurityContextHolderAwareRequestFilter@61b3de5b, org.springframework.security.web.authentication.AnonymousAuthenticationFilter@5304ac92, org.springframework.security.web.session.SessionManagementFilter@66d0d5ee, org.springframework.security.web.access.ExceptionTranslationFilter@27959c4e, org.springframework.security.web.access.intercept.FilterSecurityInterceptor@60ee6f76]
2023-11-06 17:23:41.583  INFO 39368 --- [    Test worker] o.s.b.a.w.s.WelcomePageHandlerMapping    : Adding welcome page template: index
2023-11-06 17:23:41.722  INFO 39368 --- [    Test worker] o.s.b.w.embedded.tomcat.TomcatWebServer  : Tomcat started on port(s): 62451 (http) with context path ''
2023-11-06 17:23:41.725  INFO 39368 --- [    Test worker] s.a.ScheduledAnnotationBeanPostProcessor : No TaskScheduler/ScheduledExecutorService bean found for scheduled processing
2023-11-06 17:23:41.726  INFO 39368 --- [    Test worker] c.j.b.s.web.PostsApiControllerTest       : Started PostsApiControllerTest in 0.897 seconds (JVM running for 4.982)
2023-11-06 17:23:41.749  INFO 39368 --- [    Test worker] o.a.c.c.C.[Tomcat].[localhost].[/]       : Initializing Spring TestDispatcherServlet ''
2023-11-06 17:23:41.749  INFO 39368 --- [    Test worker] o.s.t.web.servlet.TestDispatcherServlet  : Initializing Servlet ''
2023-11-06 17:23:41.749  INFO 39368 --- [    Test worker] o.s.t.web.servlet.TestDispatcherServlet  : Completed initialization in 0 ms
2023-11-06 17:23:41.832 DEBUG 39368 --- [    Test worker] org.hibernate.SQL                        : 
    insert 
    into
        posts
        (id, created_date, modified_date, author, content, title) 
    values
        (default, ?, ?, ?, ?, ?)
Hibernate: 
    insert 
    into
        posts
        (id, created_date, modified_date, author, content, title) 
    values
        (default, ?, ?, ?, ?, ?)
2023-11-06 17:23:41.844 DEBUG 39368 --- [    Test worker] org.hibernate.SQL                        : 
    select
        posts0_.id as id1_0_,
        posts0_.created_date as created_2_0_,
        posts0_.modified_date as modified3_0_,
        posts0_.author as author4_0_,
        posts0_.content as content5_0_,
        posts0_.title as title6_0_ 
    from
        posts posts0_
Hibernate: 
    select
        posts0_.id as id1_0_,
        posts0_.created_date as created_2_0_,
        posts0_.modified_date as modified3_0_,
        posts0_.author as author4_0_,
        posts0_.content as content5_0_,
        posts0_.title as title6_0_ 
    from
        posts posts0_
2023-11-06 17:23:41.851 DEBUG 39368 --- [    Test worker] org.hibernate.SQL                        : 
    select
        posts0_.id as id1_0_,
        posts0_.created_date as created_2_0_,
        posts0_.modified_date as modified3_0_,
        posts0_.author as author4_0_,
        posts0_.content as content5_0_,
        posts0_.title as title6_0_ 
    from
        posts posts0_
Hibernate: 
    select
        posts0_.id as id1_0_,
        posts0_.created_date as created_2_0_,
        posts0_.modified_date as modified3_0_,
        posts0_.author as author4_0_,
        posts0_.content as content5_0_,
        posts0_.title as title6_0_ 
    from
        posts posts0_
2023-11-06 17:23:41.863 DEBUG 39368 --- [    Test worker] org.hibernate.SQL                        : 
    delete 
    from
        posts 
    where
        id=?
Hibernate: 
    delete 
    from
        posts 
    where
        id=?
2023-11-06 17:23:41.865 DEBUG 39368 --- [    Test worker] org.hibernate.SQL                        : 
    delete 
    from
        posts 
    where
        id=?
Hibernate: 
    delete 
    from
        posts 
    where
        id=?
2023-11-06 17:23:41.865 DEBUG 39368 --- [    Test worker] org.hibernate.SQL                        : 
    delete 
    from
        posts 
    where
        id=?
Hibernate: 
    delete 
    from
        posts 
    where
        id=?
2023-11-06 17:23:41.870  INFO 39368 --- [    Test worker] o.a.c.c.C.[Tomcat].[localhost].[/]       : Initializing Spring TestDispatcherServlet ''
2023-11-06 17:23:41.870  INFO 39368 --- [    Test worker] o.s.t.web.servlet.TestDispatcherServlet  : Initializing Servlet ''
2023-11-06 17:23:41.871  INFO 39368 --- [    Test worker] o.s.t.web.servlet.TestDispatcherServlet  : Completed initialization in 1 ms
2023-11-06 17:23:41.871 DEBUG 39368 --- [    Test worker] org.hibernate.SQL                        : 
    insert 
    into
        posts
        (id, created_date, modified_date, author, content, title) 
    values
        (default, ?, ?, ?, ?, ?)
Hibernate: 
    insert 
    into
        posts
        (id, created_date, modified_date, author, content, title) 
    values
        (default, ?, ?, ?, ?, ?)
2023-11-06 17:23:41.880 DEBUG 39368 --- [    Test worker] org.hibernate.SQL                        : 
    select
        posts0_.id as id1_0_0_,
        posts0_.created_date as created_2_0_0_,
        posts0_.modified_date as modified3_0_0_,
        posts0_.author as author4_0_0_,
        posts0_.content as content5_0_0_,
        posts0_.title as title6_0_0_ 
    from
        posts posts0_ 
    where
        posts0_.id=?
Hibernate: 
    select
        posts0_.id as id1_0_0_,
        posts0_.created_date as created_2_0_0_,
        posts0_.modified_date as modified3_0_0_,
        posts0_.author as author4_0_0_,
        posts0_.content as content5_0_0_,
        posts0_.title as title6_0_0_ 
    from
        posts posts0_ 
    where
        posts0_.id=?
2023-11-06 17:23:41.883 DEBUG 39368 --- [    Test worker] org.hibernate.SQL                        : 
    update
        posts 
    set
        created_date=?,
        modified_date=?,
        author=?,
        content=?,
        title=? 
    where
        id=?
Hibernate: 
    update
        posts 
    set
        created_date=?,
        modified_date=?,
        author=?,
        content=?,
        title=? 
    where
        id=?
2023-11-06 17:23:41.886 DEBUG 39368 --- [    Test worker] org.hibernate.SQL                        : 
    select
        posts0_.id as id1_0_,
        posts0_.created_date as created_2_0_,
        posts0_.modified_date as modified3_0_,
        posts0_.author as author4_0_,
        posts0_.content as content5_0_,
        posts0_.title as title6_0_ 
    from
        posts posts0_
Hibernate: 
    select
        posts0_.id as id1_0_,
        posts0_.created_date as created_2_0_,
        posts0_.modified_date as modified3_0_,
        posts0_.author as author4_0_,
        posts0_.content as content5_0_,
        posts0_.title as title6_0_ 
    from
        posts posts0_
2023-11-06 17:23:41.887 DEBUG 39368 --- [    Test worker] org.hibernate.SQL                        : 
    select
        posts0_.id as id1_0_,
        posts0_.created_date as created_2_0_,
        posts0_.modified_date as modified3_0_,
        posts0_.author as author4_0_,
        posts0_.content as content5_0_,
        posts0_.title as title6_0_ 
    from
        posts posts0_
Hibernate: 
    select
        posts0_.id as id1_0_,
        posts0_.created_date as created_2_0_,
        posts0_.modified_date as modified3_0_,
        posts0_.author as author4_0_,
        posts0_.content as content5_0_,
        posts0_.title as title6_0_ 
    from
        posts posts0_
2023-11-06 17:23:41.888 DEBUG 39368 --- [    Test worker] org.hibernate.SQL                        : 
    delete 
    from
        posts 
    where
        id=?
Hibernate: 
    delete 
    from
        posts 
    where
        id=?
]]></system-out>
  <system-err><![CDATA[]]></system-err>
</testsuite>
